<?xml version="1.0" encoding="UTF-8"?>
<persistence xmlns="http://xmlns.jcp.org/xml/ns/persistence" version="2.1">
    <persistence-unit name="jitbet-db-persistence" transaction-type="JTA">
        <provider>org.eclipse.persistence.jpa.PersistenceProvider</provider>

        <jta-data-source>jitbet-db</jta-data-source>
        <non-jta-data-source>jitbet-non-jta-db</non-jta-data-source>

        <exclude-unlisted-classes>false</exclude-unlisted-classes>

        <properties>
            <property name="javax.persistence.schema-generation.database.action" value="create"/>

            <property name="eclipselink.logging.level.sql" value="FINE"/>
            <property name="eclipselink.logging.parameters" value="true"/>
        </properties>
    </persistence-unit>
</persistence>